#
# There is insufficient memory for the Java Runtime Environment to continue.
# Native memory allocation (malloc) failed to allocate 32744 bytes for ChunkPool::allocate
# Possible reasons:
#   The system is out of physical RAM or swap space
#   The process is running with CompressedOops enabled, and the Java Heap may be blocking the growth of the native heap
# Possible solutions:
#   Reduce memory load on the system
#   Increase physical memory or swap space
#   Check if swap backing store is full
#   Decrease Java heap size (-Xmx/-Xms)
#   Decrease number of Java threads
#   Decrease Java thread stack sizes (-Xss)
#   Set larger code cache with -XX:ReservedCodeCacheSize=
#   JVM is running with Zero Based Compressed Oops mode in which the Java heap is
#     placed in the first 32GB address space. The Java Heap base address is the
#     maximum limit for the native heap growth. Please use -XX:HeapBaseMinAddress
#     to set the Java Heap base and to place the Java Heap above 32GB virtual address.
# This output file may be truncated or incomplete.
#
#  Out of Memory Error (arena.cpp:79), pid=27104, tid=18388
#
# JRE version: OpenJDK Runtime Environment (16.0.1+9) (build 16.0.1+9-24)
# Java VM: OpenJDK 64-Bit Server VM (16.0.1+9-24, mixed mode, tiered, compressed oops, compressed class ptrs, g1 gc, windows-amd64)
# No core dump will be written. Minidumps are not enabled by default on client versions of Windows
#

---------------  S U M M A R Y ------------

Command Line: -Dfile.encoding=Cp1252 -XX:+ShowCodeDetailsInExceptionMessages login.Login

Host: AMD Ryzen 7 4800H with Radeon Graphics         , 16 cores, 15G,  Windows 10 , 64 bit Build 19041 (10.0.19041.1151)
Time: Wed Aug 25 17:25:34 2021 Nepal Standard Time elapsed time: 1.130357 seconds (0d 0h 0m 1s)

---------------  T H R E A D  ---------------

Current thread (0x0000024737b58750):  JavaThread "C2 CompilerThread1" daemon [_thread_in_native, id=18388, stack(0x000000561f300000,0x000000561f400000)]


Current CompileTask:
C2:   1130 1157       4       sun.font.TrueTypeFont::initNames (482 bytes)

Stack: [0x000000561f300000,0x000000561f400000]
Native frames: (J=compiled Java code, j=interpreted, Vv=VM code, C=native code)
V  [jvm.dll+0x6687ca]
V  [jvm.dll+0x7ca3c9]
V  [jvm.dll+0x7cbb53]
V  [jvm.dll+0x7cc1b3]
V  [jvm.dll+0x242ea5]
V  [jvm.dll+0xae25f]
V  [jvm.dll+0xae5ac]
V  [jvm.dll+0x331b43]
V  [jvm.dll+0x67d405]
V  [jvm.dll+0x68112d]
V  [jvm.dll+0x678e6b]
V  [jvm.dll+0x678497]
V  [jvm.dll+0x67636a]
V  [jvm.dll+0x1a4fec]
V  [jvm.dll+0x2a4482]
V  [jvm.dll+0x681154]
V  [jvm.dll+0x678e6b]
V  [jvm.dll+0x678497]
V  [jvm.dll+0x67636a]
V  [jvm.dll+0x1a4fec]
V  [jvm.dll+0x2a4482]
V  [jvm.dll+0x681154]
V  [jvm.dll+0x678e6b]
V  [jvm.dll+0x678497]
V  [jvm.dll+0x67636a]
V  [jvm.dll+0x1a4fec]
V  [jvm.dll+0x2a4482]
V  [jvm.dll+0x681154]
V  [jvm.dll+0x678e6b]
V  [jvm.dll+0x678497]
V  [jvm.dll+0x67636a]
V  [jvm.dll+0x1a4fec]
V  [jvm.dll+0x214f65]
V  [jvm.dll+0x1a1d9b]
V  [jvm.dll+0x2253a8]
V  [jvm.dll+0x2233ec]
V  [jvm.dll+0x780002]
V  [jvm.dll+0x779b4a]
V  [jvm.dll+0x667666]
C  [ucrtbase.dll+0x21bb2]
C  [KERNEL32.DLL+0x17034]
C  [ntdll.dll+0x52651]


---------------  P R O C E S S  ---------------

Threads class SMR info:
_java_thread_list=0x0000024737d72510, length=21, elements={
0x0000024737421e50, 0x0000024737422850, 0x0000024737469d30, 0x000002473746b740,
0x000002473746c140, 0x000002473746cb40, 0x000002473746fd30, 0x0000024737481d90,
0x00000247374a27e0, 0x0000024737631690, 0x0000024737636020, 0x000002473763dcb0,
0x00000247376412a0, 0x000002473793b9d0, 0x0000024737984b10, 0x0000024737987af0,
0x0000024737ab6010, 0x0000024737ba1210, 0x000002471784a950, 0x0000024737b58750,
0x0000024737d80730
}

Java Threads: ( => current thread )
  0x0000024737421e50 JavaThread "Reference Handler" daemon [_thread_blocked, id=21452, stack(0x000000561dd00000,0x000000561de00000)]
  0x0000024737422850 JavaThread "Finalizer" daemon [_thread_blocked, id=9980, stack(0x000000561de00000,0x000000561df00000)]
  0x0000024737469d30 JavaThread "Signal Dispatcher" daemon [_thread_blocked, id=17772, stack(0x000000561df00000,0x000000561e000000)]
  0x000002473746b740 JavaThread "Attach Listener" daemon [_thread_blocked, id=14848, stack(0x000000561e000000,0x000000561e100000)]
  0x000002473746c140 JavaThread "Service Thread" daemon [_thread_blocked, id=27000, stack(0x000000561e100000,0x000000561e200000)]
  0x000002473746cb40 JavaThread "Monitor Deflation Thread" daemon [_thread_blocked, id=26272, stack(0x000000561e200000,0x000000561e300000)]
  0x000002473746fd30 JavaThread "C2 CompilerThread0" daemon [_thread_in_native, id=25816, stack(0x000000561e300000,0x000000561e400000)]
  0x0000024737481d90 JavaThread "C1 CompilerThread0" daemon [_thread_blocked, id=18032, stack(0x000000561e400000,0x000000561e500000)]
  0x00000247374a27e0 JavaThread "Sweeper thread" daemon [_thread_blocked, id=23660, stack(0x000000561e500000,0x000000561e600000)]
  0x0000024737631690 JavaThread "C1 CompilerThread1" daemon [_thread_in_vm, id=24000, stack(0x000000561e600000,0x000000561e700000)]
  0x0000024737636020 JavaThread "C1 CompilerThread2" daemon [_thread_in_vm, id=8860, stack(0x000000561e700000,0x000000561e800000)]
  0x000002473763dcb0 JavaThread "Notification Thread" daemon [_thread_blocked, id=25836, stack(0x000000561e800000,0x000000561e900000)]
  0x00000247376412a0 JavaThread "Common-Cleaner" daemon [_thread_blocked, id=23392, stack(0x000000561ea00000,0x000000561eb00000)]
  0x000002473793b9d0 JavaThread "Java2D Disposer" daemon [_thread_blocked, id=27096, stack(0x000000561eb00000,0x000000561ec00000)]
  0x0000024737984b10 JavaThread "AWT-Shutdown" [_thread_blocked, id=22464, stack(0x000000561ec00000,0x000000561ed00000)]
  0x0000024737987af0 JavaThread "AWT-Windows" daemon [_thread_in_native, id=24080, stack(0x000000561ed00000,0x000000561ee00000)]
  0x0000024737ab6010 JavaThread "Image Fetcher 0" daemon [_thread_blocked, id=27596, stack(0x000000561f000000,0x000000561f100000)]
  0x0000024737ba1210 JavaThread "AWT-EventQueue-0" [_thread_in_native, id=25804, stack(0x000000561f100000,0x000000561f200000)]
  0x000002471784a950 JavaThread "DestroyJavaVM" [_thread_blocked, id=27172, stack(0x000000561d600000,0x000000561d700000)]
=>0x0000024737b58750 JavaThread "C2 CompilerThread1" daemon [_thread_in_native, id=18388, stack(0x000000561f300000,0x000000561f400000)]
  0x0000024737d80730 JavaThread "C1 CompilerThread3" daemon [_thread_blocked, id=26200, stack(0x000000561f400000,0x000000561f500000)]

Other Threads:
  0x000002473741e340 VMThread "VM Thread" [stack: 0x000000561dc00000,0x000000561dd00000] [id=18336]
  0x000002473763ee00 WatcherThread [stack: 0x000000561e900000,0x000000561ea00000] [id=19752]
  0x000002471789b6b0 GCTaskThread "GC Thread#0" [stack: 0x000000561d700000,0x000000561d800000] [id=27612]
  0x00000247178ad470 ConcurrentGCThread "G1 Main Marker" [stack: 0x000000561d800000,0x000000561d900000] [id=25212]
  0x00000247178aedf0 ConcurrentGCThread "G1 Conc#0" [stack: 0x000000561d900000,0x000000561da00000] [id=1528]
  0x0000024717918520 ConcurrentGCThread "G1 Refine#0" [stack: 0x000000561da00000,0x000000561db00000] [id=25932]
  0x0000024717918ea0 ConcurrentGCThread "G1 Service" [stack: 0x000000561db00000,0x000000561dc00000] [id=26104]

Threads with active compile tasks:
C2 CompilerThread0     1164 1171       4       java.nio.Buffer::remaining (20 bytes)
C1 CompilerThread1     1164 1173       3       java.lang.StringUTF16::toBytes (34 bytes)
C1 CompilerThread2     1164 1169       3       java.util.HashMap::prepareArray (38 bytes)
C2 CompilerThread1     1164 1157       4       sun.font.TrueTypeFont::initNames (482 bytes)

VM state: not at safepoint (normal execution)

VM Mutex/Monitor currently owned by a thread: None

Heap address: 0x000000070a200000, size: 3934 MB, Compressed Oops mode: Zero based, Oop shift amount: 3

CDS disabled.
Compressed class space mapped at: 0x0000000800000000-0x0000000840000000, reserved size: 1073741824
Narrow klass base: 0x0000000800000000, Narrow klass shift: 0, Narrow klass range: 0x40000000

GC Precious Log:
 CPUs: 16 total, 16 available
 Memory: 15731M
 Large Page Support: Disabled
 NUMA Support: Disabled
 Compressed Oops: Enabled (Zero based)
 Heap Region Size: 2M
 Heap Min Capacity: 8M
 Heap Initial Capacity: 246M
 Heap Max Capacity: 3934M
 Pre-touch: Disabled
 Parallel Workers: 13
 Concurrent Workers: 3
 Concurrent Refinement Workers: 13
 Periodic GC: Disabled

Heap:
 garbage-first heap   total 251904K, used 20480K [0x000000070a200000, 0x0000000800000000)
  region size 2048K, 10 young (20480K), 0 survivors (0K)
 Metaspace       used 15039K, committed 15232K, reserved 1064960K
  class space    used 1488K, committed 1536K, reserved 1048576K

Heap Regions: E=young(eden), S=young(survivor), O=old, HS=humongous(starts), HC=humongous(continues), CS=collection set, F=free, OA=open archive, CA=closed archive, TAMS=top-at-mark-start (previous, next)
|   0|0x000000070a200000, 0x000000070a400000, 0x000000070a400000|100%|HS|  |TAMS 0x000000070a200000, 0x000000070a200000| Complete 
|   1|0x000000070a400000, 0x000000070a400000, 0x000000070a600000|  0%| F|  |TAMS 0x000000070a400000, 0x000000070a400000| Untracked 
|   2|0x000000070a600000, 0x000000070a600000, 0x000000070a800000|  0%| F|  |TAMS 0x000000070a600000, 0x000000070a600000| Untracked 
|   3|0x000000070a800000, 0x000000070a800000, 0x000000070aa00000|  0%| F|  |TAMS 0x000000070a800000, 0x000000070a800000| Untracked 
|   4|0x000000070aa00000, 0x000000070aa00000, 0x000000070ac00000|  0%| F|  |TAMS 0x000000070aa00000, 0x000000070aa00000| Untracked 
|   5|0x000000070ac00000, 0x000000070ac00000, 0x000000070ae00000|  0%| F|  |TAMS 0x000000070ac00000, 0x000000070ac00000| Untracked 
|   6|0x000000070ae00000, 0x000000070ae00000, 0x000000070b000000|  0%| F|  |TAMS 0x000000070ae00000, 0x000000070ae00000| Untracked 
|   7|0x000000070b000000, 0x000000070b000000, 0x000000070b200000|  0%| F|  |TAMS 0x000000070b000000, 0x000000070b000000| Untracked 
|   8|0x000000070b200000, 0x000000070b200000, 0x000000070b400000|  0%| F|  |TAMS 0x000000070b200000, 0x000000070b200000| Untracked 
|   9|0x000000070b400000, 0x000000070b400000, 0x000000070b600000|  0%| F|  |TAMS 0x000000070b400000, 0x000000070b400000| Untracked 
|  10|0x000000070b600000, 0x000000070b600000, 0x000000070b800000|  0%| F|  |TAMS 0x000000070b600000, 0x000000070b600000| Untracked 
|  11|0x000000070b800000, 0x000000070b800000, 0x000000070ba00000|  0%| F|  |TAMS 0x000000070b800000, 0x000000070b800000| Untracked 
|  12|0x000000070ba00000, 0x000000070ba00000, 0x000000070bc00000|  0%| F|  |TAMS 0x000000070ba00000, 0x000000070ba00000| Untracked 
|  13|0x000000070bc00000, 0x000000070bc00000, 0x000000070be00000|  0%| F|  |TAMS 0x000000070bc00000, 0x000000070bc00000| Untracked 
|  14|0x000000070be00000, 0x000000070be00000, 0x000000070c000000|  0%| F|  |TAMS 0x000000070be00000, 0x000000070be00000| Untracked 
|  15|0x000000070c000000, 0x000000070c000000, 0x000000070c200000|  0%| F|  |TAMS 0x000000070c000000, 0x000000070c000000| Untracked 
|  16|0x000000070c200000, 0x000000070c200000, 0x000000070c400000|  0%| F|  |TAMS 0x000000070c200000, 0x000000070c200000| Untracked 
|  17|0x000000070c400000, 0x000000070c400000, 0x000000070c600000|  0%| F|  |TAMS 0x000000070c400000, 0x000000070c400000| Untracked 
|  18|0x000000070c600000, 0x000000070c600000, 0x000000070c800000|  0%| F|  |TAMS 0x000000070c600000, 0x000000070c600000| Untracked 
|  19|0x000000070c800000, 0x000000070c800000, 0x000000070ca00000|  0%| F|  |TAMS 0x000000070c800000, 0x000000070c800000| Untracked 
|  20|0x000000070ca00000, 0x000000070ca00000, 0x000000070cc00000|  0%| F|  |TAMS 0x000000070ca00000, 0x000000070ca00000| Untracked 
|  21|0x000000070cc00000, 0x000000070cc00000, 0x000000070ce00000|  0%| F|  |TAMS 0x000000070cc00000, 0x000000070cc00000| Untracked 
|  22|0x000000070ce00000, 0x000000070ce00000, 0x000000070d000000|  0%| F|  |TAMS 0x000000070ce00000, 0x000000070ce00000| Untracked 
|  23|0x000000070d000000, 0x000000070d000000, 0x000000070d200000|  0%| F|  |TAMS 0x000000070d000000, 0x000000070d000000| Untracked 
|  24|0x000000070d200000, 0x000000070d200000, 0x000000070d400000|  0%| F|  |TAMS 0x000000070d200000, 0x000000070d200000| Untracked 
|  25|0x000000070d400000, 0x000000070d400000, 0x000000070d600000|  0%| F|  |TAMS 0x000000070d400000, 0x000000070d400000| Untracked 
|  26|0x000000070d600000, 0x000000070d600000, 0x000000070d800000|  0%| F|  |TAMS 0x000000070d600000, 0x000000070d600000| Untracked 
|  27|0x000000070d800000, 0x000000070d800000, 0x000000070da00000|  0%| F|  |TAMS 0x000000070d800000, 0x000000070d800000| Untracked 
|  28|0x000000070da00000, 0x000000070da00000, 0x000000070dc00000|  0%| F|  |TAMS 0x000000070da00000, 0x000000070da00000| Untracked 
|  29|0x000000070dc00000, 0x000000070dc00000, 0x000000070de00000|  0%| F|  |TAMS 0x000000070dc00000, 0x000000070dc00000| Untracked 
|  30|0x000000070de00000, 0x000000070de00000, 0x000000070e000000|  0%| F|  |TAMS 0x000000070de00000, 0x000000070de00000| Untracked 
|  31|0x000000070e000000, 0x000000070e000000, 0x000000070e200000|  0%| F|  |TAMS 0x000000070e000000, 0x000000070e000000| Untracked 
|  32|0x000000070e200000, 0x000000070e200000, 0x000000070e400000|  0%| F|  |TAMS 0x000000070e200000, 0x000000070e200000| Untracked 
|  33|0x000000070e400000, 0x000000070e400000, 0x000000070e600000|  0%| F|  |TAMS 0x000000070e400000, 0x000000070e400000| Untracked 
|  34|0x000000070e600000, 0x000000070e600000, 0x000000070e800000|  0%| F|  |TAMS 0x000000070e600000, 0x000000070e600000| Untracked 
|  35|0x000000070e800000, 0x000000070e800000, 0x000000070ea00000|  0%| F|  |TAMS 0x000000070e800000, 0x000000070e800000| Untracked 
|  36|0x000000070ea00000, 0x000000070ea00000, 0x000000070ec00000|  0%| F|  |TAMS 0x000000070ea00000, 0x000000070ea00000| Untracked 
|  37|0x000000070ec00000, 0x000000070ec00000, 0x000000070ee00000|  0%| F|  |TAMS 0x000000070ec00000, 0x000000070ec00000| Untracked 
|  38|0x000000070ee00000, 0x000000070ee00000, 0x000000070f000000|  0%| F|  |TAMS 0x000000070ee00000, 0x000000070ee00000| Untracked 
|  39|0x000000070f000000, 0x000000070f000000, 0x000000070f200000|  0%| F|  |TAMS 0x000000070f000000, 0x000000070f000000| Untracked 
|  40|0x000000070f200000, 0x000000070f200000, 0x000000070f400000|  0%| F|  |TAMS 0x000000070f200000, 0x000000070f200000| Untracked 
|  41|0x000000070f400000, 0x000000070f400000, 0x000000070f600000|  0%| F|  |TAMS 0x000000070f400000, 0x000000070f400000| Untracked 
|  42|0x000000070f600000, 0x000000070f600000, 0x000000070f800000|  0%| F|  |TAMS 0x000000070f600000, 0x000000070f600000| Untracked 
|  43|0x000000070f800000, 0x000000070f800000, 0x000000070fa00000|  0%| F|  |TAMS 0x000000070f800000, 0x000000070f800000| Untracked 
|  44|0x000000070fa00000, 0x000000070fa00000, 0x000000070fc00000|  0%| F|  |TAMS 0x000000070fa00000, 0x000000070fa00000| Untracked 
|  45|0x000000070fc00000, 0x000000070fc00000, 0x000000070fe00000|  0%| F|  |TAMS 0x000000070fc00000, 0x000000070fc00000| Untracked 
|  46|0x000000070fe00000, 0x000000070fe00000, 0x0000000710000000|  0%| F|  |TAMS 0x000000070fe00000, 0x000000070fe00000| Untracked 
|  47|0x0000000710000000, 0x0000000710000000, 0x0000000710200000|  0%| F|  |TAMS 0x0000000710000000, 0x0000000710000000| Untracked 
|  48|0x0000000710200000, 0x0000000710200000, 0x0000000710400000|  0%| F|  |TAMS 0x0000000710200000, 0x0000000710200000| Untracked 
|  49|0x0000000710400000, 0x0000000710400000, 0x0000000710600000|  0%| F|  |TAMS 0x0000000710400000, 0x0000000710400000| Untracked 
|  50|0x0000000710600000, 0x0000000710600000, 0x0000000710800000|  0%| F|  |TAMS 0x0000000710600000, 0x0000000710600000| Untracked 
|  51|0x0000000710800000, 0x0000000710800000, 0x0000000710a00000|  0%| F|  |TAMS 0x0000000710800000, 0x0000000710800000| Untracked 
|  52|0x0000000710a00000, 0x0000000710a00000, 0x0000000710c00000|  0%| F|  |TAMS 0x0000000710a00000, 0x0000000710a00000| Untracked 
|  53|0x0000000710c00000, 0x0000000710c00000, 0x0000000710e00000|  0%| F|  |TAMS 0x0000000710c00000, 0x0000000710c00000| Untracked 
|  54|0x0000000710e00000, 0x0000000710e00000, 0x0000000711000000|  0%| F|  |TAMS 0x0000000710e00000, 0x0000000710e00000| Untracked 
|  55|0x0000000711000000, 0x0000000711000000, 0x0000000711200000|  0%| F|  |TAMS 0x0000000711000000, 0x0000000711000000| Untracked 
|  56|0x0000000711200000, 0x0000000711200000, 0x0000000711400000|  0%| F|  |TAMS 0x0000000711200000, 0x0000000711200000| Untracked 
|  57|0x0000000711400000, 0x0000000711400000, 0x0000000711600000|  0%| F|  |TAMS 0x0000000711400000, 0x0000000711400000| Untracked 
|  58|0x0000000711600000, 0x0000000711600000, 0x0000000711800000|  0%| F|  |TAMS 0x0000000711600000, 0x0000000711600000| Untracked 
|  59|0x0000000711800000, 0x0000000711800000, 0x0000000711a00000|  0%| F|  |TAMS 0x0000000711800000, 0x0000000711800000| Untracked 
|  60|0x0000000711a00000, 0x0000000711a00000, 0x0000000711c00000|  0%| F|  |TAMS 0x0000000711a00000, 0x0000000711a00000| Untracked 
|  61|0x0000000711c00000, 0x0000000711c00000, 0x0000000711e00000|  0%| F|  |TAMS 0x0000000711c00000, 0x0000000711c00000| Untracked 
|  62|0x0000000711e00000, 0x0000000711e00000, 0x0000000712000000|  0%| F|  |TAMS 0x0000000711e00000, 0x0000000711e00000| Untracked 
|  63|0x0000000712000000, 0x0000000712000000, 0x0000000712200000|  0%| F|  |TAMS 0x0000000712000000, 0x0000000712000000| Untracked 
|  64|0x0000000712200000, 0x0000000712200000, 0x0000000712400000|  0%| F|  |TAMS 0x0000000712200000, 0x0000000712200000| Untracked 
|  65|0x0000000712400000, 0x0000000712400000, 0x0000000712600000|  0%| F|  |TAMS 0x0000000712400000, 0x0000000712400000| Untracked 
|  66|0x0000000712600000, 0x0000000712600000, 0x0000000712800000|  0%| F|  |TAMS 0x0000000712600000, 0x0000000712600000| Untracked 
|  67|0x0000000712800000, 0x0000000712800000, 0x0000000712a00000|  0%| F|  |TAMS 0x0000000712800000, 0x0000000712800000| Untracked 
|  68|0x0000000712a00000, 0x0000000712a00000, 0x0000000712c00000|  0%| F|  |TAMS 0x0000000712a00000, 0x0000000712a00000| Untracked 
|  69|0x0000000712c00000, 0x0000000712c00000, 0x0000000712e00000|  0%| F|  |TAMS 0x0000000712c00000, 0x0000000712c00000| Untracked 
|  70|0x0000000712e00000, 0x0000000712e00000, 0x0000000713000000|  0%| F|  |TAMS 0x0000000712e00000, 0x0000000712e00000| Untracked 
|  71|0x0000000713000000, 0x0000000713000000, 0x0000000713200000|  0%| F|  |TAMS 0x0000000713000000, 0x0000000713000000| Untracked 
|  72|0x0000000713200000, 0x0000000713200000, 0x0000000713400000|  0%| F|  |TAMS 0x0000000713200000, 0x0000000713200000| Untracked 
|  73|0x0000000713400000, 0x0000000713400000, 0x0000000713600000|  0%| F|  |TAMS 0x0000000713400000, 0x0000000713400000| Untracked 
|  74|0x0000000713600000, 0x0000000713600000, 0x0000000713800000|  0%| F|  |TAMS 0x0000000713600000, 0x0000000713600000| Untracked 
|  75|0x0000000713800000, 0x0000000713800000, 0x0000000713a00000|  0%| F|  |TAMS 0x0000000713800000, 0x0000000713800000| Untracked 
|  76|0x0000000713a00000, 0x0000000713a00000, 0x0000000713c00000|  0%| F|  |TAMS 0x0000000713a00000, 0x0000000713a00000| Untracked 
|  77|0x0000000713c00000, 0x0000000713c00000, 0x0000000713e00000|  0%| F|  |TAMS 0x0000000713c00000, 0x0000000713c00000| Untracked 
|  78|0x0000000713e00000, 0x0000000713e00000, 0x0000000714000000|  0%| F|  |TAMS 0x0000000713e00000, 0x0000000713e00000| Untracked 
|  79|0x0000000714000000, 0x0000000714000000, 0x0000000714200000|  0%| F|  |TAMS 0x0000000714000000, 0x0000000714000000| Untracked 
|  80|0x0000000714200000, 0x0000000714200000, 0x0000000714400000|  0%| F|  |TAMS 0x0000000714200000, 0x0000000714200000| Untracked 
|  81|0x0000000714400000, 0x0000000714400000, 0x0000000714600000|  0%| F|  |TAMS 0x0000000714400000, 0x0000000714400000| Untracked 
|  82|0x0000000714600000, 0x0000000714600000, 0x0000000714800000|  0%| F|  |TAMS 0x0000000714600000, 0x0000000714600000| Untracked 
|  83|0x0000000714800000, 0x0000000714800000, 0x0000000714a00000|  0%| F|  |TAMS 0x0000000714800000, 0x0000000714800000| Untracked 
|  84|0x0000000714a00000, 0x0000000714a00000, 0x0000000714c00000|  0%| F|  |TAMS 0x0000000714a00000, 0x0000000714a00000| Untracked 
|  85|0x0000000714c00000, 0x0000000714c00000, 0x0000000714e00000|  0%| F|  |TAMS 0x0000000714c00000, 0x0000000714c00000| Untracked 
|  86|0x0000000714e00000, 0x0000000714e00000, 0x0000000715000000|  0%| F|  |TAMS 0x0000000714e00000, 0x0000000714e00000| Untracked 
|  87|0x0000000715000000, 0x0000000715000000, 0x0000000715200000|  0%| F|  |TAMS 0x0000000715000000, 0x0000000715000000| Untracked 
|  88|0x0000000715200000, 0x0000000715200000, 0x0000000715400000|  0%| F|  |TAMS 0x0000000715200000, 0x0000000715200000| Untracked 
|  89|0x0000000715400000, 0x0000000715400000, 0x0000000715600000|  0%| F|  |TAMS 0x0000000715400000, 0x0000000715400000| Untracked 
|  90|0x0000000715600000, 0x0000000715600000, 0x0000000715800000|  0%| F|  |TAMS 0x0000000715600000, 0x0000000715600000| Untracked 
|  91|0x0000000715800000, 0x0000000715800000, 0x0000000715a00000|  0%| F|  |TAMS 0x0000000715800000, 0x0000000715800000| Untracked 
|  92|0x0000000715a00000, 0x0000000715a00000, 0x0000000715c00000|  0%| F|  |TAMS 0x0000000715a00000, 0x0000000715a00000| Untracked 
|  93|0x0000000715c00000, 0x0000000715c00000, 0x0000000715e00000|  0%| F|  |TAMS 0x0000000715c00000, 0x0000000715c00000| Untracked 
|  94|0x0000000715e00000, 0x0000000715e00000, 0x0000000716000000|  0%| F|  |TAMS 0x0000000715e00000, 0x0000000715e00000| Untracked 
|  95|0x0000000716000000, 0x0000000716000000, 0x0000000716200000|  0%| F|  |TAMS 0x0000000716000000, 0x0000000716000000| Untracked 
|  96|0x0000000716200000, 0x0000000716200000, 0x0000000716400000|  0%| F|  |TAMS 0x0000000716200000, 0x0000000716200000| Untracked 
|  97|0x0000000716400000, 0x0000000716400000, 0x0000000716600000|  0%| F|  |TAMS 0x0000000716400000, 0x0000000716400000| Untracked 
|  98|0x0000000716600000, 0x0000000716600000, 0x0000000716800000|  0%| F|  |TAMS 0x0000000716600000, 0x0000000716600000| Untracked 
|  99|0x0000000716800000, 0x0000000716800000, 0x0000000716a00000|  0%| F|  |TAMS 0x0000000716800000, 0x0000000716800000| Untracked 
| 100|0x0000000716a00000, 0x0000000716a00000, 0x0000000716c00000|  0%| F|  |TAMS 0x0000000716a00000, 0x0000000716a00000| Untracked 
| 101|0x0000000716c00000, 0x0000000716c00000, 0x0000000716e00000|  0%| F|  |TAMS 0x0000000716c00000, 0x0000000716c00000| Untracked 
| 102|0x0000000716e00000, 0x0000000716e00000, 0x0000000717000000|  0%| F|  |TAMS 0x0000000716e00000, 0x0000000716e00000| Untracked 
| 103|0x0000000717000000, 0x0000000717000000, 0x0000000717200000|  0%| F|  |TAMS 0x0000000717000000, 0x0000000717000000| Untracked 
| 104|0x0000000717200000, 0x0000000717200000, 0x0000000717400000|  0%| F|  |TAMS 0x0000000717200000, 0x0000000717200000| Untracked 
| 105|0x0000000717400000, 0x0000000717400000, 0x0000000717600000|  0%| F|  |TAMS 0x0000000717400000, 0x0000000717400000| Untracked 
| 106|0x0000000717600000, 0x0000000717600000, 0x0000000717800000|  0%| F|  |TAMS 0x0000000717600000, 0x0000000717600000| Untracked 
| 107|0x0000000717800000, 0x0000000717800000, 0x0000000717a00000|  0%| F|  |TAMS 0x0000000717800000, 0x0000000717800000| Untracked 
| 108|0x0000000717a00000, 0x0000000717a00000, 0x0000000717c00000|  0%| F|  |TAMS 0x0000000717a00000, 0x0000000717a00000| Untracked 
| 109|0x0000000717c00000, 0x0000000717c00000, 0x0000000717e00000|  0%| F|  |TAMS 0x0000000717c00000, 0x0000000717c00000| Untracked 
| 110|0x0000000717e00000, 0x0000000717e00000, 0x0000000718000000|  0%| F|  |TAMS 0x0000000717e00000, 0x0000000717e00000| Untracked 
| 111|0x0000000718000000, 0x0000000718000000, 0x0000000718200000|  0%| F|  |TAMS 0x0000000718000000, 0x0000000718000000| Untracked 
| 112|0x0000000718200000, 0x0000000718200000, 0x0000000718400000|  0%| F|  |TAMS 0x0000000718200000, 0x0000000718200000| Untracked 
| 113|0x0000000718400000, 0x00000007184e22b8, 0x0000000718600000| 44%| E|  |TAMS 0x0000000718400000, 0x0000000718400000| Complete 
| 114|0x0000000718600000, 0x0000000718800000, 0x0000000718800000|100%| E|CS|TAMS 0x0000000718600000, 0x0000000718600000| Complete 
| 115|0x0000000718800000, 0x0000000718a00000, 0x0000000718a00000|100%| E|CS|TAMS 0x0000000718800000, 0x0000000718800000| Complete 
| 116|0x0000000718a00000, 0x0000000718c00000, 0x0000000718c00000|100%| E|CS|TAMS 0x0000000718a00000, 0x0000000718a00000| Complete 
| 117|0x0000000718c00000, 0x0000000718e00000, 0x0000000718e00000|100%| E|CS|TAMS 0x0000000718c00000, 0x0000000718c00000| Complete 
| 118|0x0000000718e00000, 0x0000000719000000, 0x0000000719000000|100%| E|CS|TAMS 0x0000000718e00000, 0x0000000718e00000| Complete 
| 119|0x0000000719000000, 0x0000000719200000, 0x0000000719200000|100%| E|CS|TAMS 0x0000000719000000, 0x0000000719000000| Complete 
| 120|0x0000000719200000, 0x0000000719400000, 0x0000000719400000|100%| E|CS|TAMS 0x0000000719200000, 0x0000000719200000| Complete 
| 121|0x0000000719400000, 0x0000000719600000, 0x0000000719600000|100%| E|CS|TAMS 0x0000000719400000, 0x0000000719400000| Complete 
| 122|0x0000000719600000, 0x0000000719800000, 0x0000000719800000|100%| E|CS|TAMS 0x0000000719600000, 0x0000000719600000| Complete 

Card table byte_map: [0x000002472adf0000,0x000002472b5a0000] _byte_map_base: 0x000002472759f000

Marking Bits (Prev, Next): (CMBitMap*) 0x000002471789ccb0, (CMBitMap*) 0x000002471789ccf0
 Prev Bits: [0x000002472bd50000, 0x000002472fac8000)
 Next Bits: [0x000002472fad0000, 0x0000024733848000)

Polling page: 0x0000024715840000

Metaspace:

Usage:
  Non-class:     13.23 MB used.
      Class:      1.45 MB used.
       Both:     14.69 MB used.

Virtual space:
  Non-class space:       16.00 MB reserved,      13.38 MB ( 84%) committed,  2 nodes.
      Class space:        1.00 GB reserved,       1.50 MB ( <1%) committed,  1 nodes.
              Both:        1.02 GB reserved,      14.88 MB (  1%) committed. 

Chunk freelists:
   Non-Class:  2.49 MB
       Class:  2.50 MB
        Both:  4.99 MB

MaxMetaspaceSize: 17179869184.00 GB
CompressedClassSpaceSize: 1.00 GB
 - commit_granule_bytes: 65536.
 - commit_granule_words: 8192.
 - virtual_space_node_default_size: 1048576.
 - enlarge_chunks_in_place: 1.
 - new_chunks_are_fully_committed: 0.
 - uncommit_free_chunks: 1.
 - use_allocation_guard: 0.
 - handle_deallocations: 1.


Internal statistics:

num_allocs_failed_limit: 0.
num_arena_births: 120.
num_arena_deaths: 0.
num_vsnodes_births: 3.
num_vsnodes_deaths: 0.
num_space_committed: 238.
num_space_uncommitted: 0.
num_chunks_returned_to_freelist: 0.
num_chunks_taken_from_freelist: 186.
num_chunk_merges: 0.
num_chunk_splits: 96.
num_chunks_enlarged: 44.
num_purges: 0.

CodeHeap 'non-profiled nmethods': size=119168Kb used=292Kb max_used=292Kb free=118875Kb
 bounds [0x0000024722960000, 0x0000024722bd0000, 0x0000024729dc0000]
CodeHeap 'profiled nmethods': size=119104Kb used=2128Kb max_used=2128Kb free=116975Kb
 bounds [0x000002471b510000, 0x000002471b780000, 0x0000024722960000]
CodeHeap 'non-nmethods': size=7488Kb used=2961Kb max_used=2976Kb free=4526Kb
 bounds [0x000002471adc0000, 0x000002471b0b0000, 0x000002471b510000]
 total_blobs=1764 nmethods=1172 adapters=502
 compilation: enabled
              stopped_count=0, restarted_count=0
 full_count=0

Compilation events (20 events):
Event: 1.113 Thread 0x0000024737d80730 1158       3       sun.font.SunFontManager$T1Filter::accept (67 bytes)
Event: 1.114 Thread 0x0000024737d80730 nmethod 1158 0x000002471b719790 code [0x000002471b7199a0, 0x000002471b719eb8]
Event: 1.115 Thread 0x0000024737481d90 1159       3       java.lang.Class::getComponentType (14 bytes)
Event: 1.115 Thread 0x0000024737481d90 nmethod 1159 0x000002471b71a090 code [0x000002471b71a240, 0x000002471b71a408]
Event: 1.115 Thread 0x0000024737481d90 1160       3       java.lang.String::hashCode (60 bytes)
Event: 1.116 Thread 0x0000024737481d90 nmethod 1160 0x000002471b71a490 code [0x000002471b71a660, 0x000002471b71a9d8]
Event: 1.116 Thread 0x0000024737636020 1161       3       java.util.HashSet::<init> (16 bytes)
Event: 1.117 Thread 0x0000024737636020 nmethod 1161 0x000002471b71aa90 code [0x000002471b71ac60, 0x000002471b71b078]
Event: 1.118 Thread 0x000002473746fd30 1162       4       java.lang.ref.SoftReference::get (29 bytes)
Event: 1.118 Thread 0x0000024737d80730 1163       3       java.lang.StringUTF16::putChar (54 bytes)
Event: 1.118 Thread 0x0000024737d80730 nmethod 1163 0x000002471b71b210 code [0x000002471b71b3c0, 0x000002471b71b518]
Event: 1.119 Thread 0x000002473746fd30 nmethod 1162 0x00000247229a8a10 code [0x00000247229a8ba0, 0x00000247229a8cb8]
Event: 1.120 Thread 0x0000024737631690 1164       3       java.lang.reflect.Array::newInstance (6 bytes)
Event: 1.120 Thread 0x0000024737631690 nmethod 1164 0x000002471b71b610 code [0x000002471b71b7c0, 0x000002471b71b8c8]
Event: 1.121 Thread 0x0000024737d80730 1165       3       sun.font.TrueTypeFont::initAllNames (182 bytes)
Event: 1.121 Thread 0x000002473746fd30 1166       4       java.lang.String::checkBoundsOffCount (64 bytes)
Event: 1.122 Thread 0x0000024737631690 1167       3       java.util.HashMap::keysToArray (81 bytes)
Event: 1.122 Thread 0x0000024737631690 nmethod 1167 0x000002471b71b990 code [0x000002471b71bb60, 0x000002471b71c038]
Event: 1.123 Thread 0x0000024737d80730 nmethod 1165 0x000002471b71c210 code [0x000002471b71c4e0, 0x000002471b71d578]
Event: 1.123 Thread 0x000002473746fd30 nmethod 1166 0x00000247229a8d90 code [0x00000247229a8f20, 0x00000247229a8fd8]

GC Heap History (0 events):
No events

Deoptimization events (20 events):
Event: 0.782 Thread 0x000002471784a950 Uncommon trap: trap_request=0xffffffc6 fr.pc=0x000002472298bc88 relative=0x0000000000000a08
Event: 0.782 Thread 0x000002471784a950 Uncommon trap: reason=bimorphic_or_optimized_type_check action=maybe_recompile pc=0x000002472298bc88 method=java.util.HashMap.putVal(ILjava/lang/Object;Ljava/lang/Object;ZZ)Ljava/lang/Object; @ 152 c2
Event: 0.782 Thread 0x000002471784a950 DEOPT PACKING pc=0x000002472298bc88 sp=0x000000561d6fc840
Event: 0.782 Thread 0x000002471784a950 DEOPT UNPACKING pc=0x000002471ae0d72e sp=0x000000561d6fc7c0 mode 2
Event: 0.782 Thread 0x000002471784a950 Uncommon trap: trap_request=0xffffffc6 fr.pc=0x000002472298bc88 relative=0x0000000000000a08
Event: 0.782 Thread 0x000002471784a950 Uncommon trap: reason=bimorphic_or_optimized_type_check action=maybe_recompile pc=0x000002472298bc88 method=java.util.HashMap.putVal(ILjava/lang/Object;Ljava/lang/Object;ZZ)Ljava/lang/Object; @ 152 c2
Event: 0.782 Thread 0x000002471784a950 DEOPT PACKING pc=0x000002472298bc88 sp=0x000000561d6fc840
Event: 0.782 Thread 0x000002471784a950 DEOPT UNPACKING pc=0x000002471ae0d72e sp=0x000000561d6fc7c0 mode 2
Event: 0.883 Thread 0x0000024737ba1210 Uncommon trap: trap_request=0xffffff45 fr.pc=0x0000024722990e4c relative=0x00000000000008cc
Event: 0.883 Thread 0x0000024737ba1210 Uncommon trap: reason=unstable_if action=reinterpret pc=0x0000024722990e4c method=java.util.HashMap.putVal(ILjava/lang/Object;Ljava/lang/Object;ZZ)Ljava/lang/Object; @ 181 c2
Event: 0.883 Thread 0x0000024737ba1210 DEOPT PACKING pc=0x0000024722990e4c sp=0x000000561f1fd1e0
Event: 0.883 Thread 0x0000024737ba1210 DEOPT UNPACKING pc=0x000002471ae0d72e sp=0x000000561f1fd180 mode 2
Event: 0.927 Thread 0x0000024737ba1210 Uncommon trap: trap_request=0xffffff45 fr.pc=0x0000024722997374 relative=0x00000000000004b4
Event: 0.927 Thread 0x0000024737ba1210 Uncommon trap: reason=unstable_if action=reinterpret pc=0x0000024722997374 method=java.lang.StringLatin1.toLowerCase(Ljava/lang/String;[BLjava/util/Locale;)Ljava/lang/String; @ 43 c2
Event: 0.927 Thread 0x0000024737ba1210 DEOPT PACKING pc=0x0000024722997374 sp=0x000000561f1fc9e0
Event: 0.927 Thread 0x0000024737ba1210 DEOPT UNPACKING pc=0x000002471ae0d72e sp=0x000000561f1fc950 mode 2
Event: 1.114 Thread 0x0000024737ba1210 Uncommon trap: trap_request=0xffffff45 fr.pc=0x000002472296efb0 relative=0x0000000000000210
Event: 1.114 Thread 0x0000024737ba1210 Uncommon trap: reason=unstable_if action=reinterpret pc=0x000002472296efb0 method=java.lang.String.hashCode()I @ 20 c2
Event: 1.114 Thread 0x0000024737ba1210 DEOPT PACKING pc=0x000002472296efb0 sp=0x000000561f1fd3c0
Event: 1.114 Thread 0x0000024737ba1210 DEOPT UNPACKING pc=0x000002471ae0d72e sp=0x000000561f1fd350 mode 2

Classes unloaded (0 events):
No events

Classes redefined (0 events):
No events

Internal exceptions (14 events):
Event: 0.208 Thread 0x000002471784a950 Exception <a 'java/lang/NoSuchMethodError'{0x0000000719781280}: 'void java.lang.invoke.DirectMethodHandle$Holder.invokeSpecial(java.lang.Object, java.lang.Object, java.lang.Object)'> (0x0000000719781280) 
thrown [t:\workspace\open\src\hotspot\share\interpreter\linkResolver.cpp, line 790]
Event: 0.261 Thread 0x000002471784a950 Exception <a 'java/lang/ClassNotFoundException'{0x00000007197a2208}: sun/awt/resources/spi/awtProvider> (0x00000007197a2208) 
thrown [t:\workspace\open\src\hotspot\share\classfile\systemDictionary.cpp, line 256]
Event: 0.308 Thread 0x000002471784a950 Exception <a 'java/io/FileNotFoundException'{0x000000071943b878}> (0x000000071943b878) 
thrown [t:\workspace\open\src\hotspot\share\prims\jni.cpp, line 579]
Event: 0.318 Thread 0x000002471784a950 Exception <a 'java/io/FileNotFoundException'{0x000000071946a208}> (0x000000071946a208) 
thrown [t:\workspace\open\src\hotspot\share\prims\jni.cpp, line 579]
Event: 0.318 Thread 0x000002471784a950 Exception <a 'java/lang/NoSuchMethodError'{0x000000071946b5f0}: 'java.lang.Object java.lang.invoke.DirectMethodHandle$Holder.invokeStatic(java.lang.Object)'> (0x000000071946b5f0) 
thrown [t:\workspace\open\src\hotspot\share\interpreter\linkResolver.cpp, line 790]
Event: 0.394 Thread 0x000002471784a950 Exception <a 'java/lang/NoSuchMethodError'{0x00000007194b7170}: 'java.lang.Object java.lang.invoke.DirectMethodHandle$Holder.invokeStaticInit(java.lang.Object)'> (0x00000007194b7170) 
thrown [t:\workspace\open\src\hotspot\share\interpreter\linkResolver.cpp, line 790]
Event: 0.516 Thread 0x000002471784a950 Exception <a 'java/lang/NoSuchMethodError'{0x0000000719598e18}: 'java.lang.Object java.lang.invoke.DirectMethodHandle$Holder.newInvokeSpecial(java.lang.Object, java.lang.Object, java.lang.Object, java.lang.Object, java.lang.Object)'> (0x0000000719598e18) 
thrown [t:\workspace\open\src\hotspot\share\interpreter\linkResolver.cpp, line 790]
Event: 0.517 Thread 0x000002471784a950 Exception <a 'java/lang/NoSuchMethodError'{0x00000007195a4900}: 'java.lang.Object java.lang.invoke.DirectMethodHandle$Holder.invokeStatic(java.lang.Object, int, java.lang.Object, java.lang.Object, java.lang.Object, java.lang.Object)'> (0x00000007195a4900) 
thrown [t:\workspace\open\src\hotspot\share\interpreter\linkResolver.cpp, line 790]
Event: 0.521 Thread 0x000002471784a950 Exception <a 'java/lang/NoSuchMethodError'{0x00000007195cad48}: 'java.lang.Object java.lang.invoke.DirectMethodHandle$Holder.invokeStatic(java.lang.Object, int, java.lang.Object)'> (0x00000007195cad48) 
thrown [t:\workspace\open\src\hotspot\share\interpreter\linkResolver.cpp, line 790]
Event: 0.551 Thread 0x000002471784a950 Exception <a 'java/lang/ClassNotFoundException'{0x0000000719283000}: com/sun/swing/internal/plaf/metal/resources/spi/metalProvider> (0x0000000719283000) 
thrown [t:\workspace\open\src\hotspot\share\classfile\systemDictionary.cpp, line 256]
Event: 0.552 Thread 0x000002471784a950 Exception <a 'java/lang/ClassNotFoundException'{0x0000000719287478}: com/sun/swing/internal/plaf/basic/resources/spi/basicProvider> (0x0000000719287478) 
thrown [t:\workspace\open\src\hotspot\share\classfile\systemDictionary.cpp, line 256]
Event: 0.658 Thread 0x0000024737ab6010 Exception <a 'java/lang/NoSuchMethodError'{0x00000007190ec9e8}: 'java.lang.Object java.lang.invoke.DirectMethodHandle$Holder.newInvokeSpecial(java.lang.Object, java.lang.Object, java.lang.Object, int, int, int, int, int)'> (0x00000007190ec9e8) 
thrown [t:\workspace\open\src\hotspot\share\interpreter\linkResolver.cpp, line 790]
Event: 0.727 Thread 0x0000024737987af0 Exception <a 'java/lang/NoSuchMethodError'{0x00000007194f1f50}: 'void java.lang.invoke.DirectMethodHandle$Holder.invokeVirtual(java.lang.Object, java.lang.Object)'> (0x00000007194f1f50) 
thrown [t:\workspace\open\src\hotspot\share\interpreter\linkResolver.cpp, line 790]
Event: 0.755 Thread 0x000002471784a950 Exception <a 'java/lang/NoSuchMethodError'{0x00000007191e1638}: 'void java.lang.invoke.DirectMethodHandle$Holder.invokeStaticInit(java.lang.Object)'> (0x00000007191e1638) 
thrown [t:\workspace\open\src\hotspot\share\interpreter\linkResolver.cpp, line 790]

Events (20 events):
Event: 0.902 loading class sun/font/SunFontManager$FamilyDescription
Event: 0.902 loading class sun/font/SunFontManager$FamilyDescription done
Event: 0.902 loading class java/util/concurrent/ConcurrentHashMap$KeySetView
Event: 0.902 loading class java/util/concurrent/ConcurrentHashMap$KeySetView done
Event: 0.902 loading class java/util/concurrent/ConcurrentHashMap$KeyIterator
Event: 0.902 loading class java/util/concurrent/ConcurrentHashMap$KeyIterator done
Event: 0.934 loading class java/util/HashMap$ValueIterator
Event: 0.934 loading class java/util/HashMap$ValueIterator done
Event: 0.935 loading class sun/font/SunFontManager$4
Event: 0.936 loading class sun/font/SunFontManager$4 done
Event: 0.939 loading class java/io/RandomAccessFile$1
Event: 0.940 loading class java/io/RandomAccessFile$1 done
Event: 0.950 Thread 0x0000024737b58750 Thread added: 0x0000024737b58750
Event: 0.953 loading class sun/font/SunFontManager$9
Event: 0.954 loading class sun/font/SunFontManager$9 done
Event: 1.013 Thread 0x0000024737d80730 Thread added: 0x0000024737d80730
Event: 1.013 loading class sun/font/SunFontManager$10
Event: 1.013 loading class sun/font/SunFontManager$10 done
Event: 1.072 loading class jdk/internal/access/foreign/MemorySegmentProxy
Event: 1.072 loading class jdk/internal/access/foreign/MemorySegmentProxy done


Dynamic libraries:
0x00007ff7341c0000 - 0x00007ff7341ce000 	C:\Users\Omen\Downloads\eclipse-java-2021-06-R-win32-x86_64\eclipse\plugins\org.eclipse.justj.openjdk.hotspot.jre.full.win32.x86_64_16.0.1.v20210528-1205\jre\bin\javaw.exe
0x00007ffd94630000 - 0x00007ffd94825000 	C:\WINDOWS\SYSTEM32\ntdll.dll
0x00007ffd94340000 - 0x00007ffd943fd000 	C:\WINDOWS\System32\KERNEL32.DLL
0x00007ffd92100000 - 0x00007ffd923c9000 	C:\WINDOWS\System32\KERNELBASE.dll
0x00007ffd923d0000 - 0x00007ffd924d0000 	C:\WINDOWS\System32\ucrtbase.dll
0x00007ffd6a630000 - 0x00007ffd6a648000 	C:\Users\Omen\Downloads\eclipse-java-2021-06-R-win32-x86_64\eclipse\plugins\org.eclipse.justj.openjdk.hotspot.jre.full.win32.x86_64_16.0.1.v20210528-1205\jre\bin\jli.dll
0x00007ffd6a4b0000 - 0x00007ffd6a4c9000 	C:\Users\Omen\Downloads\eclipse-java-2021-06-R-win32-x86_64\eclipse\plugins\org.eclipse.justj.openjdk.hotspot.jre.full.win32.x86_64_16.0.1.v20210528-1205\jre\bin\VCRUNTIME140.dll
0x00007ffd92730000 - 0x00007ffd928d0000 	C:\WINDOWS\System32\USER32.dll
0x00007ffd91d60000 - 0x00007ffd91d82000 	C:\WINDOWS\System32\win32u.dll
0x00007ffd7c600000 - 0x00007ffd7c89a000 	C:\WINDOWS\WinSxS\amd64_microsoft.windows.common-controls_6595b64144ccf1df_6.0.19041.1110_none_60b5254171f9507e\COMCTL32.dll
0x00007ffd928f0000 - 0x00007ffd9291a000 	C:\WINDOWS\System32\GDI32.dll
0x00007ffd92690000 - 0x00007ffd9272e000 	C:\WINDOWS\System32\msvcrt.dll
0x00007ffd91ed0000 - 0x00007ffd91fdb000 	C:\WINDOWS\System32\gdi32full.dll
0x00007ffd92060000 - 0x00007ffd920fd000 	C:\WINDOWS\System32\msvcp_win.dll
0x00007ffd930d0000 - 0x00007ffd93100000 	C:\WINDOWS\System32\IMM32.DLL
0x00007ffd6a4a0000 - 0x00007ffd6a4ac000 	C:\Users\Omen\Downloads\eclipse-java-2021-06-R-win32-x86_64\eclipse\plugins\org.eclipse.justj.openjdk.hotspot.jre.full.win32.x86_64_16.0.1.v20210528-1205\jre\bin\vcruntime140_1.dll
0x00007ffd548e0000 - 0x00007ffd54971000 	C:\Users\Omen\Downloads\eclipse-java-2021-06-R-win32-x86_64\eclipse\plugins\org.eclipse.justj.openjdk.hotspot.jre.full.win32.x86_64_16.0.1.v20210528-1205\jre\bin\msvcp140.dll
0x00007ffd21670000 - 0x00007ffd2221b000 	C:\Users\Omen\Downloads\eclipse-java-2021-06-R-win32-x86_64\eclipse\plugins\org.eclipse.justj.openjdk.hotspot.jre.full.win32.x86_64_16.0.1.v20210528-1205\jre\bin\server\jvm.dll
0x00007ffd93c60000 - 0x00007ffd93d0c000 	C:\WINDOWS\System32\ADVAPI32.dll
0x00007ffd94400000 - 0x00007ffd9449b000 	C:\WINDOWS\System32\sechost.dll
0x00007ffd93a00000 - 0x00007ffd93b2a000 	C:\WINDOWS\System32\RPCRT4.dll
0x00007ffd945e0000 - 0x00007ffd945e8000 	C:\WINDOWS\System32\PSAPI.DLL
0x00007ffd8d8c0000 - 0x00007ffd8d8c9000 	C:\WINDOWS\SYSTEM32\WSOCK32.dll
0x00007ffd87a00000 - 0x00007ffd87a27000 	C:\WINDOWS\SYSTEM32\WINMM.dll
0x00007ffd93d20000 - 0x00007ffd93d8b000 	C:\WINDOWS\System32\WS2_32.dll
0x00007ffd8a8e0000 - 0x00007ffd8a8ea000 	C:\WINDOWS\SYSTEM32\VERSION.dll
0x00007ffd8fc70000 - 0x00007ffd8fc82000 	C:\WINDOWS\SYSTEM32\kernel.appcore.dll
0x00007ffd72660000 - 0x00007ffd7266a000 	C:\Users\Omen\Downloads\eclipse-java-2021-06-R-win32-x86_64\eclipse\plugins\org.eclipse.justj.openjdk.hotspot.jre.full.win32.x86_64_16.0.1.v20210528-1205\jre\bin\jimage.dll
0x00007ffd7ffc0000 - 0x00007ffd801a4000 	C:\WINDOWS\SYSTEM32\DBGHELP.DLL
0x00007ffd79bc0000 - 0x00007ffd79bec000 	C:\WINDOWS\SYSTEM32\dbgcore.DLL
0x00007ffd91d90000 - 0x00007ffd91e13000 	C:\WINDOWS\System32\bcryptPrimitives.dll
0x00007ffd69c70000 - 0x00007ffd69c95000 	C:\Users\Omen\Downloads\eclipse-java-2021-06-R-win32-x86_64\eclipse\plugins\org.eclipse.justj.openjdk.hotspot.jre.full.win32.x86_64_16.0.1.v20210528-1205\jre\bin\java.dll
0x00007ffd6a610000 - 0x00007ffd6a628000 	C:\Users\Omen\Downloads\eclipse-java-2021-06-R-win32-x86_64\eclipse\plugins\org.eclipse.justj.openjdk.hotspot.jre.full.win32.x86_64_16.0.1.v20210528-1205\jre\bin\zip.dll
0x00007ffd93210000 - 0x00007ffd9394f000 	C:\WINDOWS\System32\SHELL32.dll
0x00007ffd8fe70000 - 0x00007ffd90600000 	C:\WINDOWS\SYSTEM32\windows.storage.dll
0x00007ffd92d70000 - 0x00007ffd930c5000 	C:\WINDOWS\System32\combase.dll
0x00007ffd91750000 - 0x00007ffd9177c000 	C:\WINDOWS\SYSTEM32\Wldp.dll
0x00007ffd93950000 - 0x00007ffd939fe000 	C:\WINDOWS\System32\SHCORE.dll
0x00007ffd93c00000 - 0x00007ffd93c55000 	C:\WINDOWS\System32\shlwapi.dll
0x00007ffd91ca0000 - 0x00007ffd91cbf000 	C:\WINDOWS\SYSTEM32\profapi.dll
0x00007ffd52de0000 - 0x00007ffd52f5f000 	C:\Users\Omen\Downloads\eclipse-java-2021-06-R-win32-x86_64\eclipse\plugins\org.eclipse.justj.openjdk.hotspot.jre.full.win32.x86_64_16.0.1.v20210528-1205\jre\bin\awt.dll
0x00007ffd93b30000 - 0x00007ffd93bfd000 	C:\WINDOWS\System32\OLEAUT32.dll
0x00007ffd8f6e0000 - 0x00007ffd8f770000 	C:\WINDOWS\SYSTEM32\apphelp.dll
0x00007ffd8f980000 - 0x00007ffd8f9af000 	C:\WINDOWS\system32\DWMAPI.DLL
0x00007ffd8f7b0000 - 0x00007ffd8f84e000 	C:\WINDOWS\system32\uxtheme.dll
0x00007ffd44cb0000 - 0x00007ffd44dd5000 	C:\WINDOWS\system32\opengl32.dll
0x00007ffd48bb0000 - 0x00007ffd48bdc000 	C:\WINDOWS\SYSTEM32\GLU32.dll
0x00007ffd92980000 - 0x00007ffd92a95000 	C:\WINDOWS\System32\MSCTF.dll
0x00007ffd93d90000 - 0x00007ffd93eba000 	C:\WINDOWS\System32\ole32.dll
0x00007ffd7fc90000 - 0x00007ffd7fe5e000 	C:\WINDOWS\system32\d3d9.dll
0x00007ffd87a30000 - 0x00007ffd87c0b000 	C:\WINDOWS\System32\DriverStore\FileRepository\u0366719.inf_amd64_de6b06f3cfe1e6ce\B366682\aticfx64.dll
0x00007ffd56f20000 - 0x00007ffd56f53000 	C:\WINDOWS\System32\DriverStore\FileRepository\u0366719.inf_amd64_de6b06f3cfe1e6ce\B366682\atiu9p64.dll
0x00007ffd533c0000 - 0x00007ffd540e1000 	C:\WINDOWS\System32\DriverStore\FileRepository\u0366719.inf_amd64_de6b06f3cfe1e6ce\B366682\atiumd64.dll
0x0000000076bd0000 - 0x0000000077a92000 	C:\WINDOWS\System32\DriverStore\FileRepository\u0366719.inf_amd64_de6b06f3cfe1e6ce\B366682\atiumd6a.dll
0x00007ffd91bd0000 - 0x00007ffd91c1b000 	C:\WINDOWS\SYSTEM32\POWRPROF.dll
0x00007ffd91bb0000 - 0x00007ffd91bc2000 	C:\WINDOWS\SYSTEM32\UMPDC.dll
0x00007ffd84430000 - 0x00007ffd84460000 	C:\WINDOWS\SYSTEM32\amdihk64.dll
0x00007ffd54850000 - 0x00007ffd548d9000 	C:\Users\Omen\Downloads\eclipse-java-2021-06-R-win32-x86_64\eclipse\plugins\org.eclipse.justj.openjdk.hotspot.jre.full.win32.x86_64_16.0.1.v20210528-1205\jre\bin\freetype.dll
0x00007ffd44680000 - 0x00007ffd44776000 	C:\Users\Omen\Downloads\eclipse-java-2021-06-R-win32-x86_64\eclipse\plugins\org.eclipse.justj.openjdk.hotspot.jre.full.win32.x86_64_16.0.1.v20210528-1205\jre\bin\harfbuzz.dll
0x00007ffd6a480000 - 0x00007ffd6a492000 	C:\Users\Omen\Downloads\eclipse-java-2021-06-R-win32-x86_64\eclipse\plugins\org.eclipse.justj.openjdk.hotspot.jre.full.win32.x86_64_16.0.1.v20210528-1205\jre\bin\fontmanager.dll
0x00007ffd93100000 - 0x00007ffd931a9000 	C:\WINDOWS\System32\clbcatq.dll
0x00007ffd8c870000 - 0x00007ffd8ca24000 	C:\WINDOWS\SYSTEM32\WindowsCodecs.dll
0x00007ffd91fe0000 - 0x00007ffd92007000 	C:\WINDOWS\System32\bcrypt.dll
0x00007ffd72210000 - 0x00007ffd7224e000 	C:\WINDOWS\system32\dataexchange.dll
0x00007ffd8eae0000 - 0x00007ffd8ecc6000 	C:\WINDOWS\system32\dcomp.dll
0x00007ffd8db80000 - 0x00007ffd8dde4000 	C:\WINDOWS\system32\d3d11.dll
0x00007ffd90660000 - 0x00007ffd90754000 	C:\WINDOWS\system32\dxgi.dll
0x00007ffd8ce00000 - 0x00007ffd8d001000 	C:\WINDOWS\system32\twinapi.appcore.dll
0x00007ffd777b0000 - 0x00007ffd778a9000 	C:\WINDOWS\SYSTEM32\textinputframework.dll
0x00007ffd8f050000 - 0x00007ffd8f3ae000 	C:\WINDOWS\System32\CoreUIComponents.dll
0x00007ffd8f3b0000 - 0x00007ffd8f4a2000 	C:\WINDOWS\System32\CoreMessaging.dll
0x00007ffd90a60000 - 0x00007ffd90a93000 	C:\WINDOWS\SYSTEM32\ntmarta.dll
0x00007ffd8e390000 - 0x00007ffd8e4e4000 	C:\WINDOWS\SYSTEM32\wintypes.dll
0x00007ffd69c50000 - 0x00007ffd69c69000 	C:\Users\Omen\Downloads\eclipse-java-2021-06-R-win32-x86_64\eclipse\plugins\org.eclipse.justj.openjdk.hotspot.jre.full.win32.x86_64_16.0.1.v20210528-1205\jre\bin\net.dll
0x00007ffd7f070000 - 0x00007ffd7f178000 	C:\WINDOWS\SYSTEM32\WINHTTP.dll
0x00007ffd91450000 - 0x00007ffd914ba000 	C:\WINDOWS\system32\mswsock.dll
0x00007ffd69bf0000 - 0x00007ffd69c03000 	C:\Users\Omen\Downloads\eclipse-java-2021-06-R-win32-x86_64\eclipse\plugins\org.eclipse.justj.openjdk.hotspot.jre.full.win32.x86_64_16.0.1.v20210528-1205\jre\bin\nio.dll

dbghelp: loaded successfully - version: 4.0.5 - missing functions: none
symbol engine: initialized successfully - sym options: 0x614 - pdb path: .;C:\Users\Omen\Downloads\eclipse-java-2021-06-R-win32-x86_64\eclipse\plugins\org.eclipse.justj.openjdk.hotspot.jre.full.win32.x86_64_16.0.1.v20210528-1205\jre\bin;C:\WINDOWS\SYSTEM32;C:\WINDOWS\WinSxS\amd64_microsoft.windows.common-controls_6595b64144ccf1df_6.0.19041.1110_none_60b5254171f9507e;C:\Users\Omen\Downloads\eclipse-java-2021-06-R-win32-x86_64\eclipse\plugins\org.eclipse.justj.openjdk.hotspot.jre.full.win32.x86_64_16.0.1.v20210528-1205\jre\bin\server;C:\WINDOWS\System32\DriverStore\FileRepository\u0366719.inf_amd64_de6b06f3cfe1e6ce\B366682

VM Arguments:
jvm_args: -Dfile.encoding=Cp1252 -XX:+ShowCodeDetailsInExceptionMessages 
java_command: login.Login
java_class_path (initial): C:\Users\Omen\eclipse-workspace\Hospital Management System\bin
Launcher Type: SUN_STANDARD

[Global flags]
     intx CICompilerCount                          = 12                                        {product} {ergonomic}
     uint ConcGCThreads                            = 3                                         {product} {ergonomic}
     uint G1ConcRefinementThreads                  = 13                                        {product} {ergonomic}
   size_t G1HeapRegionSize                         = 2097152                                   {product} {ergonomic}
    uintx GCDrainStackTargetSize                   = 64                                        {product} {ergonomic}
   size_t InitialHeapSize                          = 257949696                                 {product} {ergonomic}
   size_t MarkStackSize                            = 4194304                                   {product} {ergonomic}
   size_t MaxHeapSize                              = 4125097984                                {product} {ergonomic}
   size_t MaxNewSize                               = 2474639360                                {product} {ergonomic}
   size_t MinHeapDeltaBytes                        = 2097152                                   {product} {ergonomic}
   size_t MinHeapSize                              = 8388608                                   {product} {ergonomic}
    uintx NonNMethodCodeHeapSize                   = 7602480                                {pd product} {ergonomic}
    uintx NonProfiledCodeHeapSize                  = 122027880                              {pd product} {ergonomic}
    uintx ProfiledCodeHeapSize                     = 122027880                              {pd product} {ergonomic}
    uintx ReservedCodeCacheSize                    = 251658240                              {pd product} {ergonomic}
     bool SegmentedCodeCache                       = true                                      {product} {ergonomic}
     bool ShowCodeDetailsInExceptionMessages       = true                                   {manageable} {command line}
   size_t SoftMaxHeapSize                          = 4125097984                             {manageable} {ergonomic}
     bool UseCompressedClassPointers               = true                           {product lp64_product} {ergonomic}
     bool UseCompressedOops                        = true                           {product lp64_product} {ergonomic}
     bool UseG1GC                                  = true                                      {product} {ergonomic}
     bool UseLargePagesIndividualAllocation        = false                                  {pd product} {ergonomic}

Logging:
Log output configuration:
 #0: stdout all=warning uptime,level,tags
 #1: stderr all=off uptime,level,tags

Environment Variables:
PATH=C:/Users/Omen/Downloads/eclipse-java-2021-06-R-win32-x86_64/eclipse//plugins/org.eclipse.justj.openjdk.hotspot.jre.full.win32.x86_64_16.0.1.v20210528-1205/jre/bin/server;C:/Users/Omen/Downloads/eclipse-java-2021-06-R-win32-x86_64/eclipse//plugins/org.eclipse.justj.openjdk.hotspot.jre.full.win32.x86_64_16.0.1.v20210528-1205/jre/bin;C:\Program Files\Common Files\Oracle\Java\javapath;C:\windows\system32;C:\windows;C:\windows\System32\Wbem;C:\windows\System32\WindowsPowerShell\v1.0\;C:\windows\System32\OpenSSH\;C:\Program Files (x86)\NVIDIA Corporation\PhysX\Common;C:\Program Files\NVIDIA Corporation\NVIDIA NvDLISR;D:\Git\cmd;C:\WINDOWS\system32;C:\WINDOWS;C:\WINDOWS\System32\Wbem;C:\WINDOWS\System32\WindowsPowerShell\v1.0\;C:\WINDOWS\System32\OpenSSH\;C:\Program Files\MySQL\MySQL Shell 8.0\bin\;C:\Users\Omen\AppData\Local\Programs\Python\Python39\Scripts\;C:\Users\Omen\AppData\Local\Programs\Python\Python39\;C:\Users\Omen\AppData\Local\Microsoft\WindowsApps;;C:\Users\Omen\Downloads\eclipse-java-2021-06-R-win32-x86_64\eclipse;
USERNAME=Omen
OS=Windows_NT
PROCESSOR_IDENTIFIER=AMD64 Family 23 Model 96 Stepping 1, AuthenticAMD



---------------  S Y S T E M  ---------------

OS:
 Windows 10 , 64 bit Build 19041 (10.0.19041.1151)
OS uptime: 0 days 8:14 hours

CPU: total 16 (initial active 16) (16 cores per cpu, 2 threads per core) family 23 model 96 stepping 1 microcode 0x0, cx8, cmov, fxsr, ht, mmx, 3dnowpref, sse, sse2, sse3, ssse3, sse4a, sse4.1, sse4.2, popcnt, lzcnt, tsc, tscinvbit, avx, avx2, aes, clmul, bmi1, bmi2, adx, sha, fma, vzeroupper, clflush, clflushopt

Memory: 4k page, system-wide physical 15731M (5791M free)
TotalPageFile size 38214M (AvailPageFile size 3M)
current process WorkingSet (physical memory assigned to process): 87M, peak: 87M
current process commit charge ("private bytes"): 370M, peak: 370M

vm_info: OpenJDK 64-Bit Server VM (16.0.1+9-24) for windows-amd64 JRE (16.0.1+9-24), built on Mar 26 2021 19:30:07 by "mach5one" with MS VC++ 16.7 (VS2019)

END.
